<?xml version="1.0" encoding="UTF-8"?>
<testsuite xmlns:xsi="http://www.w3.org/2001/XMLSchema-instance" xsi:noNamespaceSchemaLocation="https://maven.apache.org/surefire/maven-surefire-plugin/xsd/surefire-test-report-3.0.xsd" version="3.0" name="chessapi4j.functional.FunctionalMoveFactoryTest" time="0.021" tests="6" errors="0" skipped="0" failures="0">
  <properties>
[...]
</properties>
  <testcase name="testMoveUciWithoutPromotion" classname="chessapi4j.functional.FunctionalMoveFactoryTest" time="0.015"/>
  <testcase name="testGetMoveWithPromotion" classname="chessapi4j.functional.FunctionalMoveFactoryTest" time="0.0"/>
  <testcase name="testGetMoveWithoutPromotion" classname="chessapi4j.functional.FunctionalMoveFactoryTest" time="0.001"/>
  <testcase name="testMoveUciInvalidString" classname="chessapi4j.functional.FunctionalMoveFactoryTest" time="0.001"/>
  <testcase name="testMoveUciWithPromotionBlack" classname="chessapi4j.functional.FunctionalMoveFactoryTest" time="0.001"/>
  <testcase name="testMoveUciWithPromotionWhite" classname="chessapi4j.functional.FunctionalMoveFactoryTest" time="0.0"/>
</testsuite>