<?xml version="1.0" encoding="UTF-8"?>
<testsuite xmlns:xsi="http://www.w3.org/2001/XMLSchema-instance" xsi:noNamespaceSchemaLocation="https://maven.apache.org/surefire/maven-surefire-plugin/xsd/surefire-test-report-3.0.xsd" version="3.0" name="chessapi4j.functional.LackOfMaterialMetricsTest" time="0.007" tests="10" errors="0" skipped="0" failures="0">
  <properties>
[...]
</properties>
  <testcase name="kvk" classname="chessapi4j.functional.LackOfMaterialMetricsTest" time="0.001"/>
  <testcase name="kbvk" classname="chessapi4j.functional.LackOfMaterialMetricsTest" time="0.001"/>
  <testcase name="knvk" classname="chessapi4j.functional.LackOfMaterialMetricsTest" time="0.0"/>
  <testcase name="kvkb" classname="chessapi4j.functional.LackOfMaterialMetricsTest" time="0.001"/>
  <testcase name="kvkn" classname="chessapi4j.functional.LackOfMaterialMetricsTest" time="0.0"/>
  <testcase name="kbbvk" classname="chessapi4j.functional.LackOfMaterialMetricsTest" time="0.001"/>
  <testcase name="kbvkb" classname="chessapi4j.functional.LackOfMaterialMetricsTest" time="0.0"/>
  <testcase name="kbvkn" classname="chessapi4j.functional.LackOfMaterialMetricsTest" time="0.0"/>
  <testcase name="knvkb" classname="chessapi4j.functional.LackOfMaterialMetricsTest" time="0.001"/>
  <testcase name="knvkn" classname="chessapi4j.functional.LackOfMaterialMetricsTest" time="0.001"/>
</testsuite>